22:13 [main] ERROR gui.Client - Error connecting to server: Connection refused: connect
22:13 [main] INFO  gui.Client - Retrying connection to server...
22:13 [main] ERROR gui.Client - Error connecting to server: Connection refused: connect
22:14 [main] INFO  gui.Client - Retrying connection to server...
22:14 [main] ERROR gui.Client - Error connecting to server: Connection refused: connect
22:14 [main] INFO  gui.Client - Retrying connection to server...
22:14 [main] ERROR gui.Client - Error connecting to server: Connection refused: connect
22:14 [main] INFO  gui.Client - Retrying connection to server...
22:14 [main] ERROR gui.Client - Error connecting to server: Connection refused: connect
22:14 [main] INFO  gui.Client - Retrying connection to server...
22:14 [main] ERROR gui.Client - Error connecting to server: Connection refused: connect
22:33 [main] INFO  gui.Client - Connected to server.
22:35 [main] INFO  gui.Client - Connected to server.
22:35 [main] INFO  gui.Client - Connected to server.
22:35 [AWT-EventQueue-0] INFO  gui.Client - Joined server with username: qwe
22:36 [AWT-EventQueue-0] INFO  gui.Client - Joined server with username: asd
22:36 [AWT-EventQueue-0] INFO  gui.Client - Refreshing user list
22:36 [AWT-EventQueue-0] INFO  gui.Client - Refreshing user list
22:36 [AWT-EventQueue-0] INFO  gui.Client - Sent message from qwe to asd: 123
22:36 [AWT-EventQueue-0] INFO  gui.Client - Receiving messages
22:36 [AWT-EventQueue-0] INFO  gui.Client - Sent message from asd to qwe: 2456
22:36 [AWT-EventQueue-0] INFO  gui.Client - Receiving messages
